21:47:22:967  INFO 35784 --- [main] com.hmall.HMallApplication               : Starting HMallApplication using Java 21.0.2 on LAPTOP-I6KQTGAU with PID 35784 (D:\javaweb\springcloud\资料\day02-Docker\资料\hmall\hm-service\target\classes started by 刘德宝 in D:\javaweb\springcloud\资料\day02-Docker\资料\hmall)
21:47:22:971 DEBUG 35784 --- [main] com.hmall.HMallApplication               : Running with Spring Boot v2.7.12, Spring v5.3.27
21:47:22:971  INFO 35784 --- [main] com.hmall.HMallApplication               : The following 1 profile is active: "dev"
21:47:23:466  INFO 35784 --- [main] .s.d.r.c.RepositoryConfigurationDelegate : Multiple Spring Data modules found, entering strict repository configuration mode
21:47:23:469  INFO 35784 --- [main] .s.d.r.c.RepositoryConfigurationDelegate : Bootstrapping Spring Data Redis repositories in DEFAULT mode.
21:47:23:486  INFO 35784 --- [main] .s.d.r.c.RepositoryConfigurationDelegate : Finished Spring Data repository scanning in 9 ms. Found 0 Redis repository interfaces.
21:47:25:155  INFO 54912 --- [main] com.hmall.HMallApplication               : Starting HMallApplication using Java 21.0.2 on LAPTOP-I6KQTGAU with PID 54912 (D:\javaweb\springcloud\资料\day02-Docker\资料\hmall\hm-service\target\classes started by 刘德宝 in D:\javaweb\springcloud\资料\day02-Docker\资料\hmall)
21:47:25:156 DEBUG 54912 --- [main] com.hmall.HMallApplication               : Running with Spring Boot v2.7.12, Spring v5.3.27
21:47:25:156  INFO 54912 --- [main] com.hmall.HMallApplication               : The following 1 profile is active: "dev"
21:47:25:653  INFO 54912 --- [main] .s.d.r.c.RepositoryConfigurationDelegate : Multiple Spring Data modules found, entering strict repository configuration mode
21:47:25:655  INFO 54912 --- [main] .s.d.r.c.RepositoryConfigurationDelegate : Bootstrapping Spring Data Redis repositories in DEFAULT mode.
21:47:25:674  INFO 54912 --- [main] .s.d.r.c.RepositoryConfigurationDelegate : Finished Spring Data repository scanning in 9 ms. Found 0 Redis repository interfaces.
21:47:26:078  INFO 54912 --- [main] o.s.b.w.embedded.tomcat.TomcatWebServer  : Tomcat initialized with port(s): 8080 (http)
21:47:26:084  INFO 54912 --- [main] o.apache.catalina.core.StandardService   : Starting service [Tomcat]
21:47:26:085  INFO 54912 --- [main] org.apache.catalina.core.StandardEngine  : Starting Servlet engine: [Apache Tomcat/9.0.75]
21:47:26:169  INFO 54912 --- [main] o.a.c.c.C.[Tomcat].[localhost].[/]       : Initializing Spring embedded WebApplicationContext
21:47:26:169  INFO 54912 --- [main] w.s.c.ServletWebServerApplicationContext : Root WebApplicationContext: initialization completed in 975 ms
21:47:27:277  INFO 54912 --- [main] pertySourcedRequestMappingHandlerMapping : Mapped URL path [/v2/api-docs] onto method [springfox.documentation.swagger2.web.Swagger2ControllerWebMvc#getDocumentation(String, HttpServletRequest)]
21:47:27:622  WARN 54912 --- [main] ConfigServletWebServerApplicationContext : Exception encountered during context initialization - cancelling refresh attempt: org.springframework.context.ApplicationContextException: Failed to start bean 'webServerStartStop'; nested exception is org.springframework.boot.web.server.PortInUseException: Port 8080 is already in use
21:47:27:640  INFO 54912 --- [main] o.apache.catalina.core.StandardService   : Stopping service [Tomcat]
21:47:27:648  INFO 54912 --- [main] ConditionEvaluationReportLoggingListener : 

Error starting ApplicationContext. To display the conditions report re-run your application with 'debug' enabled.
21:47:27:660 ERROR 54912 --- [main] o.s.b.d.LoggingFailureAnalysisReporter   : 

***************************
APPLICATION FAILED TO START
***************************

Description:

Web server failed to start. Port 8080 was already in use.

Action:

Identify and stop the process that's listening on port 8080 or configure this application to listen on another port.

